[2m01:45:46[22m [31m[1m[vite][22m[39m [31m[2m(client)[22m[39m [2m[console.error] [22m[vite] Failed to reload /src/App.jsx. This could be due to syntax errors or importing non-existent modules. (see errors above)
[2m02:53:06[22m [31m[1m[vite][22m[39m [31mhttp proxy error: /api/generate-image[39m
AggregateError [ECONNREFUSED]: 
    at internalConnectMultiple (node:net:1134:18)
    at afterConnectMultiple (node:net:1715:7)
[2m02:53:06[22m [31m[1m[vite][22m[39m [31mhttp proxy error: /api/generate-image[39m
AggregateError [ECONNREFUSED]: 
    at internalConnectMultiple (node:net:1134:18)
    at afterConnectMultiple (node:net:1715:7)
[2m02:53:06[22m [31m[1m[vite][22m[39m [31m[2m(client)[22m[39m [2m[console.error] [22m⚠️ Non-JSON response from API: 502 
[2m02:53:06[22m [31m[1m[vite][22m[39m [31m[2m(client)[22m[39m [2m[console.error] [22m⚠️ Non-JSON response from API: 502 
[2m02:53:08[22m [31m[1m[vite][22m[39m [31mhttp proxy error: /api/generate-image[39m
AggregateError [ECONNREFUSED]: 
    at internalConnectMultiple (node:net:1134:18)
    at afterConnectMultiple (node:net:1715:7)
[2m02:53:08[22m [31m[1m[vite][22m[39m [31mhttp proxy error: /api/generate-image[39m
AggregateError [ECONNREFUSED]: 
    at internalConnectMultiple (node:net:1134:18)
    at afterConnectMultiple (node:net:1715:7)
[2m02:53:08[22m [31m[1m[vite][22m[39m [31m[2m(client)[22m[39m [2m[console.error] [22m⚠️ Non-JSON response from API: 502 
[2m02:53:08[22m [31m[1m[vite][22m[39m [31m[2m(client)[22m[39m [2m[console.error] [22m⚠️ Non-JSON response from API: 502 
[2m02:53:59[22m [31m[1m[vite][22m[39m [31mhttp proxy error: /api/generate-image[39m
AggregateError [ECONNREFUSED]: 
    at internalConnectMultiple (node:net:1134:18)
    at afterConnectMultiple (node:net:1715:7)
[2m02:53:59[22m [31m[1m[vite][22m[39m [31mhttp proxy error: /api/generate-image[39m
AggregateError [ECONNREFUSED]: 
    at internalConnectMultiple (node:net:1134:18)
    at afterConnectMultiple (node:net:1715:7)
[2m02:53:59[22m [31m[1m[vite][22m[39m [31m[2m(client)[22m[39m [2m[console.error] [22m⚠️ Non-JSON response from API: 502 
[2m02:53:59[22m [31m[1m[vite][22m[39m [31m[2m(client)[22m[39m [2m[console.error] [22m⚠️ Non-JSON response from API: 502 
[2m02:54:01[22m [31m[1m[vite][22m[39m [31mhttp proxy error: /api/generate-image[39m
AggregateError [ECONNREFUSED]: 
    at internalConnectMultiple (node:net:1134:18)
    at afterConnectMultiple (node:net:1715:7)
[2m02:54:01[22m [31m[1m[vite][22m[39m [31mhttp proxy error: /api/generate-image[39m
AggregateError [ECONNREFUSED]: 
    at internalConnectMultiple (node:net:1134:18)
    at afterConnectMultiple (node:net:1715:7)
[2m02:54:01[22m [31m[1m[vite][22m[39m [31m[2m(client)[22m[39m [2m[console.error] [22m⚠️ Non-JSON response from API: 502 
[2m02:54:01[22m [31m[1m[vite][22m[39m [31m[2m(client)[22m[39m [2m[console.error] [22m⚠️ Non-JSON response from API: 502 
[2m02:54:01[22m [31m[1m[vite][22m[39m [31mhttp proxy error: /api/generate-image[39m
AggregateError [ECONNREFUSED]: 
    at internalConnectMultiple (node:net:1134:18)
    at afterConnectMultiple (node:net:1715:7)
[2m02:54:01[22m [31m[1m[vite][22m[39m [31mhttp proxy error: /api/generate-image[39m
AggregateError [ECONNREFUSED]: 
    at internalConnectMultiple (node:net:1134:18)
    at afterConnectMultiple (node:net:1715:7)
[2m02:54:01[22m [31m[1m[vite][22m[39m [31m[2m(client)[22m[39m [2m[console.error] [22m⚠️ Non-JSON response from API: 502 
[2m02:54:01[22m [31m[1m[vite][22m[39m [31m[2m(client)[22m[39m [2m[console.error] [22m⚠️ Non-JSON response from API: 502 
[2m02:54:36[22m [31m[1m[vite][22m[39m [31mhttp proxy error: /api/generate-image[39m
AggregateError [ECONNREFUSED]: 
    at internalConnectMultiple (node:net:1134:18)
    at afterConnectMultiple (node:net:1715:7)
[2m02:54:36[22m [31m[1m[vite][22m[39m [31mhttp proxy error: /api/generate-image[39m
AggregateError [ECONNREFUSED]: 
    at internalConnectMultiple (node:net:1134:18)
    at afterConnectMultiple (node:net:1715:7)
[2m02:54:36[22m [31m[1m[vite][22m[39m [31m[2m(client)[22m[39m [2m[console.error] [22m⚠️ Non-JSON response from API: 502 
[2m02:54:36[22m [31m[1m[vite][22m[39m [31m[2m(client)[22m[39m [2m[console.error] [22m⚠️ Non-JSON response from API: 502 
[2m03:13:47[22m [31m[1m[vite][22m[39m [31mhttp proxy error: /api/generate-image[39m
AggregateError [ECONNREFUSED]: 
    at internalConnectMultiple (node:net:1134:18)
    at afterConnectMultiple (node:net:1715:7)
[2m03:13:47[22m [31m[1m[vite][22m[39m [31mhttp proxy error: /api/generate-image[39m
AggregateError [ECONNREFUSED]: 
    at internalConnectMultiple (node:net:1134:18)
    at afterConnectMultiple (node:net:1715:7)
[2m03:13:47[22m [31m[1m[vite][22m[39m [31m[2m(client)[22m[39m [2m[console.error] [22m⚠️ Non-JSON response from API: 502 
[2m03:13:47[22m [31m[1m[vite][22m[39m [31m[2m(client)[22m[39m [2m[console.error] [22m⚠️ Non-JSON response from API: 502 
